<?xml version="1.0" encoding="UTF-8"?>
<!-- Generated by org.testng.reporters.JUnitXMLReporter -->
<testsuite ignored="0" hostname="NB49" failures="0" tests="2" name="Run with Class" time="16.809" errors="0" timestamp="2023-08-20T13:57:23 ICT">
  <testcase classname="anhtester.com.Bai9_.TestNGframework.Bai10_AnnotationsTestNG.LoginCMS" name="testAnhLoginCMS" time="6.295"/>
  <testcase classname="anhtester.com.Bai9_.TestNGframework.Bai10_AnnotationsTestNG.LoginCMS" name="testAnhTesterBlog" time="5.86"/>
</testsuite> <!-- Run with Class -->
