<?xml version="1.0" encoding="UTF-8"?>
<testng-results ignored="0" total="2" passed="2" failed="0" skipped="0">
  <reporter-output>
  </reporter-output>
  <suite started-at="2023-08-20T13:57:07 ICT" name="Suite" finished-at="2023-08-20T13:57:23 ICT" duration-ms="16809">
    <groups>
    </groups>
    <test started-at="2023-08-20T13:57:07 ICT" name="Run with Class" finished-at="2023-08-20T13:57:23 ICT" duration-ms="16809">
      <class name="anhtester.com.Bai9_.TestNGframework.Bai10_AnnotationsTestNG.LoginCMS">
        <test-method is-config="true" signature="createDriver()[pri:0, instance:anhtester.com.Bai9_.TestNGframework.Bai10_AnnotationsTestNG.LoginCMS@51931956]" started-at="2023-08-20T13:57:07 ICT" name="createDriver" finished-at="2023-08-20T13:57:09 ICT" duration-ms="2006" status="PASS">
          <reporter-output>
          </reporter-output>
        </test-method> <!-- createDriver -->
        <test-method signature="testAnhLoginCMS()[pri:1, instance:anhtester.com.Bai9_.TestNGframework.Bai10_AnnotationsTestNG.LoginCMS@51931956]" started-at="2023-08-20T13:57:09 ICT" name="testAnhLoginCMS" description="Login CMS test" finished-at="2023-08-20T13:57:15 ICT" duration-ms="6295" status="PASS">
          <reporter-output>
          </reporter-output>
        </test-method> <!-- testAnhLoginCMS -->
        <test-method is-config="true" signature="closeDriver()[pri:0, instance:anhtester.com.Bai9_.TestNGframework.Bai10_AnnotationsTestNG.LoginCMS@51931956]" started-at="2023-08-20T13:57:15 ICT" name="closeDriver" finished-at="2023-08-20T13:57:16 ICT" duration-ms="687" status="PASS">
          <reporter-output>
          </reporter-output>
        </test-method> <!-- closeDriver -->
        <test-method is-config="true" signature="createDriver()[pri:0, instance:anhtester.com.Bai9_.TestNGframework.Bai10_AnnotationsTestNG.LoginCMS@51931956]" started-at="2023-08-20T13:57:16 ICT" name="createDriver" finished-at="2023-08-20T13:57:17 ICT" duration-ms="1276" status="PASS">
          <reporter-output>
          </reporter-output>
        </test-method> <!-- createDriver -->
        <test-method signature="testAnhTesterBlog()[pri:2, instance:anhtester.com.Bai9_.TestNGframework.Bai10_AnnotationsTestNG.LoginCMS@51931956]" started-at="2023-08-20T13:57:17 ICT" name="testAnhTesterBlog" description="Check blog Anhtester" finished-at="2023-08-20T13:57:23 ICT" duration-ms="5860" status="PASS">
          <reporter-output>
          </reporter-output>
        </test-method> <!-- testAnhTesterBlog -->
        <test-method is-config="true" signature="closeDriver()[pri:0, instance:anhtester.com.Bai9_.TestNGframework.Bai10_AnnotationsTestNG.LoginCMS@51931956]" started-at="2023-08-20T13:57:23 ICT" name="closeDriver" finished-at="2023-08-20T13:57:23 ICT" duration-ms="639" status="PASS">
          <reporter-output>
          </reporter-output>
        </test-method> <!-- closeDriver -->
      </class> <!-- anhtester.com.Bai9_.TestNGframework.Bai10_AnnotationsTestNG.LoginCMS -->
    </test> <!-- Run with Class -->
  </suite> <!-- Suite -->
</testng-results>
